<?xml version="1.0" encoding="UTF-8"?>
<testng-results ignored="0" total="1" passed="1" failed="0" skipped="0">
  <reporter-output>
  </reporter-output>
  <suite started-at="2023-09-15T21:20:28 IST" name="Default suite" finished-at="2023-09-15T21:20:41 IST" duration-ms="13331">
    <groups>
    </groups>
    <test started-at="2023-09-15T21:20:28 IST" name="Default test" finished-at="2023-09-15T21:20:41 IST" duration-ms="13331">
      <class name="testCases.LoginWithoutFindBy">
        <test-method signature="login()[pri:0, instance:testCases.LoginWithoutFindBy@548d708a]" started-at="2023-09-15T21:20:28 IST" name="login" finished-at="2023-09-15T21:20:41 IST" duration-ms="13235" status="PASS">
          <reporter-output>
          </reporter-output>
        </test-method> <!-- login -->
      </class> <!-- testCases.LoginWithoutFindBy -->
    </test> <!-- Default test -->
  </suite> <!-- Default suite -->
</testng-results>
